C:\USERS\USER\DOCUMENTS\VISUAL STUDIO 2012\PROJECTS\CONSOLEAPPLICATION1\CONSOLEAPPLICATION1\DEBUG\HELLO.OBJ
C:\USERS\USER\DOCUMENTS\VISUAL STUDIO 2012\PROJECTS\CONSOLEAPPLICATION1\CONSOLEAPPLICATION1\DEBUG\VC110.PDB
C:\USERS\USER\DOCUMENTS\VISUAL STUDIO 2012\PROJECTS\CONSOLEAPPLICATION1\DEBUG\CONSOLEAPPLICATION1.ILK
C:\USERS\USER\DOCUMENTS\VISUAL STUDIO 2012\PROJECTS\CONSOLEAPPLICATION1\DEBUG\CONSOLEAPPLICATION1.EXE
C:\USERS\USER\DOCUMENTS\VISUAL STUDIO 2012\PROJECTS\CONSOLEAPPLICATION1\DEBUG\CONSOLEAPPLICATION1.PDB
c:\Users\user\documents\visual studio 2012\Projects\ConsoleApplication1\ConsoleApplication1\Debug\Hello.obj
c:\Users\user\documents\visual studio 2012\Projects\ConsoleApplication1\ConsoleApplication1\Debug\cl.command.1.tlog
c:\Users\user\documents\visual studio 2012\Projects\ConsoleApplication1\ConsoleApplication1\Debug\CL.read.1.tlog
c:\Users\user\documents\visual studio 2012\Projects\ConsoleApplication1\ConsoleApplication1\Debug\CL.write.1.tlog
c:\Users\user\documents\visual studio 2012\Projects\ConsoleApplication1\ConsoleApplication1\Debug\link-cvtres.read.1.tlog
c:\Users\user\documents\visual studio 2012\Projects\ConsoleApplication1\ConsoleApplication1\Debug\link-cvtres.write.1.tlog
c:\Users\user\documents\visual studio 2012\Projects\ConsoleApplication1\ConsoleApplication1\Debug\link-rc.read.1.tlog
c:\Users\user\documents\visual studio 2012\Projects\ConsoleApplication1\ConsoleApplication1\Debug\link-rc.write.1.tlog
c:\Users\user\documents\visual studio 2012\Projects\ConsoleApplication1\ConsoleApplication1\Debug\link.command.1.tlog
c:\Users\user\documents\visual studio 2012\Projects\ConsoleApplication1\ConsoleApplication1\Debug\link.read.1.tlog
c:\Users\user\documents\visual studio 2012\Projects\ConsoleApplication1\ConsoleApplication1\Debug\link.write.1.tlog
c:\Users\user\documents\visual studio 2012\Projects\ConsoleApplication1\ConsoleApplication1\Debug\vc110.idb
c:\Users\user\documents\visual studio 2012\Projects\ConsoleApplication1\ConsoleApplication1\Debug\vc110.pdb
c:\users\user\documents\visual studio 2012\Projects\ConsoleApplication1\Debug\ConsoleApplication1.pdb
c:\users\user\documents\visual studio 2012\Projects\ConsoleApplication1\Debug\ConsoleApplication1.exe
c:\users\user\documents\visual studio 2012\Projects\ConsoleApplication1\Debug\ConsoleApplication1.ilk
